2025-10-23 00:07:01,801 INFO: Retrieved lesson ID 273 with title: 'ragggcomponenet' [in C:\Users\DCS\Desktop\New folder (10)\iqbalAI_1.0\app\models\models.py:239]
2025-10-23 00:07:02,491 INFO: Retrieved lesson ID 273 with title: 'ragggcomponenet' [in C:\Users\DCS\Desktop\New folder (10)\iqbalAI_1.0\app\models\models.py:239]
2025-10-23 00:07:20,938 INFO: Retrieved lesson ID 273 with title: 'ragggcomponenet' [in C:\Users\DCS\Desktop\New folder (10)\iqbalAI_1.0\app\models\models.py:239]
2025-10-23 00:07:23,405 ERROR: Download error: 'LessonService' object has no attribute '_create_docx' [in C:\Users\DCS\Desktop\New folder (10)\iqbalAI_1.0\app\routes\lesson_routes.py:539]
Traceback (most recent call last):
  File "C:\Users\DCS\Desktop\New folder (10)\iqbalAI_1.0\app\routes\lesson_routes.py", line 522, in download_lesson
    docx_bytes = lesson_service._create_docx(lesson_data)
                 ^^^^^^^^^^^^^^^^^^^^^^^^^^^
AttributeError: 'LessonService' object has no attribute '_create_docx'
2025-10-23 00:07:37,553 INFO: Retrieved lesson ID 273 with title: 'ragggcomponenet' [in C:\Users\DCS\Desktop\New folder (10)\iqbalAI_1.0\app\models\models.py:239]
2025-10-23 00:07:39,853 ERROR: Download error: 'LessonService' object has no attribute '_create_docx' [in C:\Users\DCS\Desktop\New folder (10)\iqbalAI_1.0\app\routes\lesson_routes.py:539]
Traceback (most recent call last):
  File "C:\Users\DCS\Desktop\New folder (10)\iqbalAI_1.0\app\routes\lesson_routes.py", line 522, in download_lesson
    docx_bytes = lesson_service._create_docx(lesson_data)
                 ^^^^^^^^^^^^^^^^^^^^^^^^^^^
AttributeError: 'LessonService' object has no attribute '_create_docx'
2025-10-23 00:07:43,002 INFO: Retrieved lesson ID 273 with title: 'ragggcomponenet' [in C:\Users\DCS\Desktop\New folder (10)\iqbalAI_1.0\app\models\models.py:239]
2025-10-23 00:07:45,274 ERROR: Download error: 'LessonService' object has no attribute '_create_docx' [in C:\Users\DCS\Desktop\New folder (10)\iqbalAI_1.0\app\routes\lesson_routes.py:539]
Traceback (most recent call last):
  File "C:\Users\DCS\Desktop\New folder (10)\iqbalAI_1.0\app\routes\lesson_routes.py", line 522, in download_lesson
    docx_bytes = lesson_service._create_docx(lesson_data)
                 ^^^^^^^^^^^^^^^^^^^^^^^^^^^
AttributeError: 'LessonService' object has no attribute '_create_docx'
2025-10-23 00:07:45,602 INFO: Retrieved lesson ID 273 with title: 'ragggcomponenet' [in C:\Users\DCS\Desktop\New folder (10)\iqbalAI_1.0\app\models\models.py:239]
2025-10-23 00:07:47,789 ERROR: Download error: 'LessonService' object has no attribute '_create_docx' [in C:\Users\DCS\Desktop\New folder (10)\iqbalAI_1.0\app\routes\lesson_routes.py:539]
Traceback (most recent call last):
  File "C:\Users\DCS\Desktop\New folder (10)\iqbalAI_1.0\app\routes\lesson_routes.py", line 522, in download_lesson
    docx_bytes = lesson_service._create_docx(lesson_data)
                 ^^^^^^^^^^^^^^^^^^^^^^^^^^^
AttributeError: 'LessonService' object has no attribute '_create_docx'
