2025-10-29 01:02:41,294 - INFO - ================================================================================
2025-10-29 01:02:41,294 - INFO - Lesson Check Logger Initialized
2025-10-29 01:02:41,295 - INFO - ================================================================================
2025-10-29 02:10:35,413 - INFO - ================================================================================
2025-10-29 02:10:35,414 - INFO - Lesson Check Logger Initialized
2025-10-29 02:10:35,414 - INFO - ================================================================================
2025-10-29 02:12:18,010 - INFO - === LESSON CREATION STARTED ===
2025-10-29 02:12:18,011 - INFO - Result keys: ['lesson', 'docx_bytes', 'filename']
2025-10-29 02:12:18,012 - INFO - Lesson content type: <class 'str'>
2025-10-29 02:12:18,012 - INFO - Lesson content length: 289
2025-10-29 02:12:18,012 - INFO - Lesson content preview: Hamza Nawaz is an AI Engineer with expertise in Machine Learning, Deep Learning, and Full-Stack AI Development. He has a strong background in NLP, OCR, and AI-powered automation, and is passionate abo...
2025-10-29 02:12:18,013 - INFO - About to save lesson content (first 300 chars): Hamza Nawaz is an AI Engineer with expertise in Machine Learning, Deep Learning, and Full-Stack AI Development. He has a strong background in NLP, OCR, and AI-powered automation, and is passionate about building intelligent AI solutions that enhance decision-making and automate workflows.
2025-10-29 02:12:18,013 - INFO - Content type: <class 'str'>
2025-10-29 02:12:18,013 - INFO - Final content before save (first 300 chars): Hamza Nawaz is an AI Engineer with expertise in Machine Learning, Deep Learning, and Full-Stack AI Development. He has a strong background in NLP, OCR, and AI-powered automation, and is passionate about building intelligent AI solutions that enhance decision-making and automate workflows.
2025-10-29 02:12:18,014 - INFO - === LESSON CREATION ENDED ===
2025-10-29 02:17:22,268 - INFO - ================================================================================
2025-10-29 02:17:22,268 - INFO - Lesson Check Logger Initialized
2025-10-29 02:17:22,269 - INFO - ================================================================================
2025-10-29 02:18:29,000 - INFO - === LESSON CREATION STARTED ===
2025-10-29 02:18:29,000 - INFO - Result keys: ['lesson', 'docx_bytes', 'filename']
2025-10-29 02:18:29,000 - INFO - Lesson content type: <class 'str'>
2025-10-29 02:18:29,001 - INFO - Lesson content length: 805
2025-10-29 02:18:29,001 - INFO - Lesson content preview: Here are Hamza Nawaz's skills and projects in a concise format:

**Skills:**

- Programming Languages: Python, C++, JavaScript, HTML, CSS
- ML/DL Frameworks: TensorFlow, PyTorch, Scikit-learn
- Web De...
2025-10-29 02:18:29,001 - INFO - About to save lesson content (first 300 chars): Here are Hamza Nawaz's skills and projects in a concise format:

**Skills:**

- Programming Languages: Python, C++, JavaScript, HTML, CSS
- ML/DL Frameworks: TensorFlow, PyTorch, Scikit-learn
- Web Development: Django, React.js, Rest Framework, Bootstrap
- Artificial Intelligence: Machine Learning, 
2025-10-29 02:18:29,002 - INFO - Content type: <class 'str'>
2025-10-29 02:18:29,002 - INFO - Final content before save (first 300 chars): Here are Hamza Nawaz's skills and projects in a concise format:

**Skills:**

- Programming Languages: Python, C++, JavaScript, HTML, CSS
- ML/DL Frameworks: TensorFlow, PyTorch, Scikit-learn
- Web Development: Django, React.js, Rest Framework, Bootstrap
- Artificial Intelligence: Machine Learning, 
2025-10-29 02:18:29,003 - INFO - === LESSON CREATION ENDED ===
2025-10-29 02:19:49,101 - INFO - ================================================================================
2025-10-29 02:19:49,102 - INFO - Lesson Check Logger Initialized
2025-10-29 02:19:49,102 - INFO - ================================================================================
2025-10-29 02:21:05,725 - INFO - === LESSON CREATION STARTED ===
2025-10-29 02:21:05,726 - INFO - Result keys: ['lesson', 'docx_bytes', 'filename']
2025-10-29 02:21:05,726 - INFO - Lesson content type: <class 'str'>
2025-10-29 02:21:05,726 - INFO - Lesson content length: 289
2025-10-29 02:21:05,727 - INFO - Lesson content preview: Hamza Nawaz is an AI Engineer with expertise in Machine Learning, Deep Learning, and Full-Stack AI Development. He has a strong background in NLP, OCR, and AI-powered automation, and is passionate abo...
2025-10-29 02:21:05,727 - INFO - About to save lesson content (first 300 chars): Hamza Nawaz is an AI Engineer with expertise in Machine Learning, Deep Learning, and Full-Stack AI Development. He has a strong background in NLP, OCR, and AI-powered automation, and is passionate about building intelligent AI solutions that enhance decision-making and automate workflows.
2025-10-29 02:21:05,727 - INFO - Content type: <class 'str'>
2025-10-29 02:21:05,728 - INFO - Final content before save (first 300 chars): Hamza Nawaz is an AI Engineer with expertise in Machine Learning, Deep Learning, and Full-Stack AI Development. He has a strong background in NLP, OCR, and AI-powered automation, and is passionate about building intelligent AI solutions that enhance decision-making and automate workflows.
2025-10-29 02:21:05,728 - INFO - === LESSON CREATION ENDED ===
2025-10-29 02:26:43,371 - INFO - ================================================================================
2025-10-29 02:26:43,372 - INFO - Lesson Check Logger Initialized
2025-10-29 02:26:43,372 - INFO - ================================================================================
2025-10-29 02:27:48,063 - INFO - === LESSON CREATION STARTED ===
2025-10-29 02:27:48,064 - INFO - Result keys: ['lesson', 'docx_bytes', 'filename']
2025-10-29 02:27:48,065 - INFO - Lesson content type: <class 'str'>
2025-10-29 02:27:48,065 - INFO - Lesson content length: 162
2025-10-29 02:27:48,066 - INFO - Lesson content preview: According to the provided document, Hamza Nawaz is an ML Engineer with expertise in Machine Learning, Deep Learning, Generative AI, and Full-Stack AI Development....
2025-10-29 02:27:48,067 - INFO - About to save lesson content (first 300 chars): According to the provided document, Hamza Nawaz is an ML Engineer with expertise in Machine Learning, Deep Learning, Generative AI, and Full-Stack AI Development.
2025-10-29 02:27:48,067 - INFO - Content type: <class 'str'>
2025-10-29 02:27:48,067 - INFO - Final content before save (first 300 chars): According to the provided document, Hamza Nawaz is an ML Engineer with expertise in Machine Learning, Deep Learning, Generative AI, and Full-Stack AI Development.
2025-10-29 02:27:48,068 - INFO - === LESSON CREATION ENDED ===
2025-10-29 02:33:33,980 - INFO - ================================================================================
2025-10-29 02:33:33,980 - INFO - Lesson Check Logger Initialized
2025-10-29 02:33:33,981 - INFO - ================================================================================
2025-10-29 02:34:37,540 - INFO - === LESSON CREATION STARTED ===
2025-10-29 02:34:37,540 - INFO - Result keys: ['lesson', 'docx_bytes', 'filename']
2025-10-29 02:34:37,540 - INFO - Lesson content type: <class 'str'>
2025-10-29 02:34:37,541 - INFO - Lesson content length: 321
2025-10-29 02:34:37,541 - INFO - Lesson content preview: Hamza is an ML Engineer with expertise in Machine Learning, Deep Learning, Generative AI, and Full-Stack AI Development. He has a strong background in NLP, OCR, and AI-powered automation, and is passi...
2025-10-29 02:34:37,541 - INFO - About to save lesson content (first 300 chars): Hamza is an ML Engineer with expertise in Machine Learning, Deep Learning, Generative AI, and Full-Stack AI Development. He has a strong background in NLP, OCR, and AI-powered automation, and is passionate about building intelligent AI solutions that enhance decision-making, automate workflows, and 
2025-10-29 02:34:37,542 - INFO - Content type: <class 'str'>
2025-10-29 02:34:37,542 - INFO - Final content before save (first 300 chars): Hamza is an ML Engineer with expertise in Machine Learning, Deep Learning, Generative AI, and Full-Stack AI Development. He has a strong background in NLP, OCR, and AI-powered automation, and is passionate about building intelligent AI solutions that enhance decision-making, automate workflows, and 
2025-10-29 02:34:37,543 - INFO - === LESSON CREATION ENDED ===
2025-10-29 02:44:22,147 - INFO - ================================================================================
2025-10-29 02:44:22,147 - INFO - Lesson Check Logger Initialized
2025-10-29 02:44:22,147 - INFO - ================================================================================
2025-10-29 02:45:34,984 - INFO - === LESSON CREATION STARTED ===
2025-10-29 02:45:34,984 - INFO - Result keys: ['lesson', 'docx_bytes', 'filename']
2025-10-29 02:45:34,984 - INFO - Lesson content type: <class 'str'>
2025-10-29 02:45:34,985 - INFO - Lesson content length: 312
2025-10-29 02:45:34,985 - INFO - Lesson content preview: Hamza Nawaz is an AI Engineer with expertise in Machine Learning, Deep Learning, and Full-Stack AI Development. He has a strong background in NLP, OCR, and AI-powered automation, and is passionate abo...
2025-10-29 02:45:34,985 - INFO - About to save lesson content (first 300 chars): Hamza Nawaz is an AI Engineer with expertise in Machine Learning, Deep Learning, and Full-Stack AI Development. He has a strong background in NLP, OCR, and AI-powered automation, and is passionate about building intelligent AI solutions that enhance decision-making, automate workflows, and drive bus
2025-10-29 02:45:34,986 - INFO - Content type: <class 'str'>
2025-10-29 02:45:34,986 - INFO - Final content before save (first 300 chars): Hamza Nawaz is an AI Engineer with expertise in Machine Learning, Deep Learning, and Full-Stack AI Development. He has a strong background in NLP, OCR, and AI-powered automation, and is passionate about building intelligent AI solutions that enhance decision-making, automate workflows, and drive bus
2025-10-29 02:45:34,986 - INFO - === LESSON CREATION ENDED ===
2025-10-29 02:49:12,659 - INFO - ================================================================================
2025-10-29 02:49:12,660 - INFO - Lesson Check Logger Initialized
2025-10-29 02:49:12,660 - INFO - ================================================================================
2025-10-29 02:51:26,247 - INFO - ================================================================================
2025-10-29 02:51:26,247 - INFO - Lesson Check Logger Initialized
2025-10-29 02:51:26,247 - INFO - ================================================================================
2025-10-30 00:26:57,805 - INFO - ================================================================================
2025-10-30 00:26:57,810 - INFO - Lesson Check Logger Initialized
2025-10-30 00:26:57,811 - INFO - ================================================================================
2025-10-30 00:29:28,962 - INFO - === LESSON CREATION STARTED ===
2025-10-30 00:29:28,964 - INFO - Result keys: ['lesson', 'docx_bytes', 'filename']
2025-10-30 00:29:28,969 - INFO - Lesson content type: <class 'str'>
2025-10-30 00:29:28,972 - INFO - Lesson content length: 297
2025-10-30 00:29:28,978 - INFO - Lesson content preview: Based on the provided document context, Hamza Nawaz is an ML Engineer with expertise in Machine Learning, Deep Learning, Generative AI, and Full-Stack AI Development. He has a strong background in NLP...
2025-10-30 00:29:28,987 - INFO - About to save lesson content (first 300 chars): Based on the provided document context, Hamza Nawaz is an ML Engineer with expertise in Machine Learning, Deep Learning, Generative AI, and Full-Stack AI Development. He has a strong background in NLP, OCR, and AI-powered automation, and has experience in cloud deployment and scalable AI systems.
2025-10-30 00:29:28,990 - INFO - Content type: <class 'str'>
2025-10-30 00:29:28,992 - INFO - Final content before save (first 300 chars): Based on the provided document context, Hamza Nawaz is an ML Engineer with expertise in Machine Learning, Deep Learning, Generative AI, and Full-Stack AI Development. He has a strong background in NLP, OCR, and AI-powered automation, and has experience in cloud deployment and scalable AI systems.
2025-10-30 00:29:28,999 - INFO - === LESSON CREATION ENDED ===
2025-10-30 00:42:49,662 - INFO - ================================================================================
2025-10-30 00:42:49,668 - INFO - Lesson Check Logger Initialized
2025-10-30 00:42:49,670 - INFO - ================================================================================
2025-10-30 00:47:36,032 - INFO - === LESSON CREATION STARTED ===
2025-10-30 00:47:36,036 - INFO - Result keys: ['lesson', 'docx_bytes', 'filename']
2025-10-30 00:47:36,037 - INFO - Lesson content type: <class 'str'>
2025-10-30 00:47:36,038 - INFO - Lesson content length: 312
2025-10-30 00:47:36,038 - INFO - Lesson content preview: Hamza Nawaz is an AI Engineer with expertise in Machine Learning, Deep Learning, and Full-Stack AI Development. He has a strong background in NLP, OCR, and AI-powered automation, and is passionate abo...
2025-10-30 00:47:36,039 - INFO - About to save lesson content (first 300 chars): Hamza Nawaz is an AI Engineer with expertise in Machine Learning, Deep Learning, and Full-Stack AI Development. He has a strong background in NLP, OCR, and AI-powered automation, and is passionate about building intelligent AI solutions that enhance decision-making, automate workflows, and drive bus
2025-10-30 00:47:36,039 - INFO - Content type: <class 'str'>
2025-10-30 00:47:36,040 - INFO - Final content before save (first 300 chars): Hamza Nawaz is an AI Engineer with expertise in Machine Learning, Deep Learning, and Full-Stack AI Development. He has a strong background in NLP, OCR, and AI-powered automation, and is passionate about building intelligent AI solutions that enhance decision-making, automate workflows, and drive bus
2025-10-30 00:47:36,041 - INFO - === LESSON CREATION ENDED ===
2025-10-30 00:53:18,738 - INFO - ================================================================================
2025-10-30 00:53:18,744 - INFO - Lesson Check Logger Initialized
2025-10-30 00:53:18,748 - INFO - ================================================================================
2025-10-30 00:55:26,011 - INFO - === LESSON CREATION STARTED ===
2025-10-30 00:55:26,014 - INFO - Result keys: ['lesson', 'docx_bytes', 'filename']
2025-10-30 00:55:26,032 - INFO - Lesson content type: <class 'str'>
2025-10-30 00:55:26,041 - INFO - Lesson content length: 139
2025-10-30 00:55:26,047 - INFO - Lesson content preview: Hamza is an ML Engineer with a specialization in Machine Learning, Deep Learning, Generative AI, Agentic AI, and Full-Stack AI Development....
2025-10-30 00:55:26,057 - INFO - About to save lesson content (first 300 chars): Hamza is an ML Engineer with a specialization in Machine Learning, Deep Learning, Generative AI, Agentic AI, and Full-Stack AI Development.
2025-10-30 00:55:26,064 - INFO - Content type: <class 'str'>
2025-10-30 00:55:26,070 - INFO - Final content before save (first 300 chars): Hamza is an ML Engineer with a specialization in Machine Learning, Deep Learning, Generative AI, Agentic AI, and Full-Stack AI Development.
2025-10-30 00:55:26,089 - INFO - === LESSON CREATION ENDED ===
2025-10-30 01:05:43,687 - INFO - ================================================================================
2025-10-30 01:05:43,691 - INFO - Lesson Check Logger Initialized
2025-10-30 01:05:43,693 - INFO - ================================================================================
2025-10-30 01:11:19,899 - INFO - ================================================================================
2025-10-30 01:11:19,906 - INFO - Lesson Check Logger Initialized
2025-10-30 01:11:19,908 - INFO - ================================================================================
2025-10-30 01:21:26,917 - INFO - ================================================================================
2025-10-30 01:21:26,918 - INFO - Lesson Check Logger Initialized
2025-10-30 01:21:26,918 - INFO - ================================================================================
2025-10-30 01:22:10,100 - INFO - === LESSON CREATION STARTED ===
2025-10-30 01:22:10,102 - INFO - Result keys: ['lesson', 'docx_bytes', 'filename']
2025-10-30 01:22:10,103 - INFO - Lesson content type: <class 'str'>
2025-10-30 01:22:10,104 - INFO - Lesson content length: 126
2025-10-30 01:22:10,105 - INFO - Lesson content preview: Hamza Nawaz is an ML Engineer with expertise in Machine Learning, Deep Learning, Generative AI, and Full-Stack AI Development....
2025-10-30 01:22:10,107 - INFO - About to save lesson content (first 300 chars): Hamza Nawaz is an ML Engineer with expertise in Machine Learning, Deep Learning, Generative AI, and Full-Stack AI Development.
2025-10-30 01:22:10,108 - INFO - Content type: <class 'str'>
2025-10-30 01:22:10,108 - INFO - Final content before save (first 300 chars): Hamza Nawaz is an ML Engineer with expertise in Machine Learning, Deep Learning, Generative AI, and Full-Stack AI Development.
2025-10-30 01:22:10,110 - INFO - === LESSON CREATION ENDED ===
2025-10-30 01:32:10,664 - INFO - ================================================================================
2025-10-30 01:32:10,665 - INFO - Lesson Check Logger Initialized
2025-10-30 01:32:10,666 - INFO - ================================================================================
2025-10-30 01:34:06,299 - INFO - === LESSON CREATION STARTED ===
2025-10-30 01:34:06,300 - INFO - Result keys: ['lesson', 'docx_bytes', 'filename']
2025-10-30 01:34:06,300 - INFO - Lesson content type: <class 'str'>
2025-10-30 01:34:06,300 - INFO - Lesson content length: 321
2025-10-30 01:34:06,301 - INFO - Lesson content preview: Hamza is an ML Engineer with expertise in Machine Learning, Deep Learning, Generative AI, and Full-Stack AI Development. He has a strong background in NLP, OCR, and AI-powered automation, and is passi...
2025-10-30 01:34:06,301 - INFO - About to save lesson content (first 300 chars): Hamza is an ML Engineer with expertise in Machine Learning, Deep Learning, Generative AI, and Full-Stack AI Development. He has a strong background in NLP, OCR, and AI-powered automation, and is passionate about building intelligent AI solutions that enhance decision-making, automate workflows, and 
2025-10-30 01:34:06,302 - INFO - Content type: <class 'str'>
2025-10-30 01:34:06,302 - INFO - Final content before save (first 300 chars): Hamza is an ML Engineer with expertise in Machine Learning, Deep Learning, Generative AI, and Full-Stack AI Development. He has a strong background in NLP, OCR, and AI-powered automation, and is passionate about building intelligent AI solutions that enhance decision-making, automate workflows, and 
2025-10-30 01:34:06,302 - INFO - === LESSON CREATION ENDED ===
2025-10-30 01:46:28,924 - INFO - ================================================================================
2025-10-30 01:46:28,926 - INFO - Lesson Check Logger Initialized
2025-10-30 01:46:28,927 - INFO - ================================================================================
2025-10-30 01:48:19,738 - INFO - === LESSON CREATION STARTED ===
2025-10-30 01:48:19,739 - INFO - Result keys: ['lesson', 'docx_bytes', 'filename']
2025-10-30 01:48:19,741 - INFO - Lesson content type: <class 'str'>
2025-10-30 01:48:19,742 - INFO - Lesson content length: 367
2025-10-30 01:48:19,742 - INFO - Lesson content preview: Based on the provided document context, Hamza Nawaz is an ML Engineer with expertise in Machine Learning, Deep Learning, Generative AI, and Full-Stack AI Development. He has a strong background in NLP...
2025-10-30 01:48:19,743 - INFO - About to save lesson content (first 300 chars): Based on the provided document context, Hamza Nawaz is an ML Engineer with expertise in Machine Learning, Deep Learning, Generative AI, and Full-Stack AI Development. He has a strong background in NLP, OCR, and AI-powered automation, and is passionate about building intelligent AI solutions that enh
2025-10-30 01:48:19,744 - INFO - Content type: <class 'str'>
2025-10-30 01:48:19,744 - INFO - Final content before save (first 300 chars): Based on the provided document context, Hamza Nawaz is an ML Engineer with expertise in Machine Learning, Deep Learning, Generative AI, and Full-Stack AI Development. He has a strong background in NLP, OCR, and AI-powered automation, and is passionate about building intelligent AI solutions that enh
2025-10-30 01:48:19,745 - INFO - === LESSON CREATION ENDED ===
2025-10-30 01:53:48,266 - INFO - ================================================================================
2025-10-30 01:53:48,266 - INFO - Lesson Check Logger Initialized
2025-10-30 01:53:48,266 - INFO - ================================================================================
2025-10-30 01:57:35,973 - INFO - === LESSON CREATION STARTED ===
2025-10-30 01:57:35,973 - INFO - Result keys: ['lesson', 'docx_bytes', 'filename']
2025-10-30 01:57:35,974 - INFO - Lesson content type: <class 'str'>
2025-10-30 01:57:35,974 - INFO - Lesson content length: 2961
2025-10-30 01:57:35,974 - INFO - Lesson content preview: **Comprehensive Explanation of Sextupole Magnets**

**Introduction**

Sextupole magnets are a type of multipole magnet used in particle physics to manipulate and control the trajectory of charged part...
2025-10-30 01:57:35,974 - INFO - About to save lesson content (first 300 chars): **Comprehensive Explanation of Sextupole Magnets**

**Introduction**

Sextupole magnets are a type of multipole magnet used in particle physics to manipulate and control the trajectory of charged particles, such as electrons and protons. They are an essential component in various particle accelerato
2025-10-30 01:57:35,975 - INFO - Content type: <class 'str'>
2025-10-30 01:57:35,975 - INFO - Final content before save (first 300 chars): **Comprehensive Explanation of Sextupole Magnets**

**Introduction**

Sextupole magnets are a type of multipole magnet used in particle physics to manipulate and control the trajectory of charged particles, such as electrons and protons. They are an essential component in various particle accelerato
2025-10-30 01:57:35,975 - INFO - === LESSON CREATION ENDED ===
2025-10-30 02:09:27,526 - INFO - ================================================================================
2025-10-30 02:09:27,526 - INFO - Lesson Check Logger Initialized
2025-10-30 02:09:27,527 - INFO - ================================================================================
2025-10-30 02:13:40,741 - INFO - ================================================================================
2025-10-30 02:13:40,742 - INFO - Lesson Check Logger Initialized
2025-10-30 02:13:40,742 - INFO - ================================================================================
2025-10-30 02:17:14,744 - INFO - ================================================================================
2025-10-30 02:17:14,744 - INFO - Lesson Check Logger Initialized
2025-10-30 02:17:14,745 - INFO - ================================================================================
2025-10-30 02:24:19,737 - INFO - ================================================================================
2025-10-30 02:24:19,738 - INFO - Lesson Check Logger Initialized
2025-10-30 02:24:19,738 - INFO - ================================================================================
2025-10-30 02:30:52,445 - INFO - ================================================================================
2025-10-30 02:30:52,446 - INFO - Lesson Check Logger Initialized
2025-10-30 02:30:52,446 - INFO - ================================================================================
2025-10-30 02:37:45,714 - INFO - ================================================================================
2025-10-30 02:37:45,715 - INFO - Lesson Check Logger Initialized
2025-10-30 02:37:45,715 - INFO - ================================================================================
2025-10-30 02:41:38,798 - INFO - ================================================================================
2025-10-30 02:41:38,799 - INFO - Lesson Check Logger Initialized
2025-10-30 02:41:38,799 - INFO - ================================================================================
2025-10-30 21:32:25,874 - INFO - ================================================================================
2025-10-30 21:32:25,878 - INFO - Lesson Check Logger Initialized
2025-10-30 21:32:25,879 - INFO - ================================================================================
2025-10-30 21:40:42,597 - INFO - ================================================================================
2025-10-30 21:40:42,598 - INFO - Lesson Check Logger Initialized
2025-10-30 21:40:42,598 - INFO - ================================================================================
2025-10-30 21:43:48,948 - INFO - === LESSON CREATION STARTED ===
2025-10-30 21:43:48,949 - INFO - Result keys: ['lesson', 'docx_bytes', 'filename']
2025-10-30 21:43:48,951 - INFO - Lesson content type: <class 'str'>
2025-10-30 21:43:48,953 - INFO - Lesson content length: 3704
2025-10-30 21:43:48,953 - INFO - Lesson content preview: **Lesson: Utilization of Matriderm in Reconstructive Surgery**

**Introduction**

Reconstructive surgery is a crucial aspect of medical treatment, particularly in cases where tissue loss or damage has...
2025-10-30 21:43:48,954 - INFO - About to save lesson content (first 300 chars): **Lesson: Utilization of Matriderm in Reconstructive Surgery**

**Introduction**

Reconstructive surgery is a crucial aspect of medical treatment, particularly in cases where tissue loss or damage has occurred due to trauma, infection, or cancer. The use of artificial skin substitutes, such as Matri
2025-10-30 21:43:48,954 - INFO - Content type: <class 'str'>
2025-10-30 21:43:48,955 - INFO - Final content before save (first 300 chars): **Lesson: Utilization of Matriderm in Reconstructive Surgery**

**Introduction**

Reconstructive surgery is a crucial aspect of medical treatment, particularly in cases where tissue loss or damage has occurred due to trauma, infection, or cancer. The use of artificial skin substitutes, such as Matri
2025-10-30 21:43:48,955 - INFO - === LESSON CREATION ENDED ===
2025-10-30 21:48:21,927 - INFO - ================================================================================
2025-10-30 21:48:21,928 - INFO - Lesson Check Logger Initialized
2025-10-30 21:48:21,928 - INFO - ================================================================================
2025-10-30 21:55:09,711 - INFO - ================================================================================
2025-10-30 21:55:09,712 - INFO - Lesson Check Logger Initialized
2025-10-30 21:55:09,712 - INFO - ================================================================================
2025-10-30 21:57:48,517 - INFO - ================================================================================
2025-10-30 21:57:48,518 - INFO - Lesson Check Logger Initialized
2025-10-30 21:57:48,518 - INFO - ================================================================================
2025-10-30 22:13:53,950 - INFO - ================================================================================
2025-10-30 22:13:53,951 - INFO - Lesson Check Logger Initialized
2025-10-30 22:13:53,951 - INFO - ================================================================================
2025-10-30 22:18:32,984 - INFO - ================================================================================
2025-10-30 22:18:32,985 - INFO - Lesson Check Logger Initialized
2025-10-30 22:18:32,985 - INFO - ================================================================================
2025-10-30 22:19:48,094 - INFO - ================================================================================
2025-10-30 22:19:48,094 - INFO - Lesson Check Logger Initialized
2025-10-30 22:19:48,095 - INFO - ================================================================================
2025-10-30 22:26:37,266 - INFO - ================================================================================
2025-10-30 22:26:37,267 - INFO - Lesson Check Logger Initialized
2025-10-30 22:26:37,267 - INFO - ================================================================================
2025-10-30 22:28:56,665 - INFO - ================================================================================
2025-10-30 22:28:56,665 - INFO - Lesson Check Logger Initialized
2025-10-30 22:28:56,665 - INFO - ================================================================================
2025-10-30 22:33:56,928 - INFO - ================================================================================
2025-10-30 22:33:56,929 - INFO - Lesson Check Logger Initialized
2025-10-30 22:33:56,929 - INFO - ================================================================================
2025-10-30 22:39:25,555 - INFO - ================================================================================
2025-10-30 22:39:25,556 - INFO - Lesson Check Logger Initialized
2025-10-30 22:39:25,556 - INFO - ================================================================================
2025-10-30 22:47:06,886 - INFO - ================================================================================
2025-10-30 22:47:06,887 - INFO - Lesson Check Logger Initialized
2025-10-30 22:47:06,887 - INFO - ================================================================================
2025-10-30 22:55:03,666 - INFO - ================================================================================
2025-10-30 22:55:03,666 - INFO - Lesson Check Logger Initialized
2025-10-30 22:55:03,666 - INFO - ================================================================================
2025-10-30 23:01:38,793 - INFO - ================================================================================
2025-10-30 23:01:38,793 - INFO - Lesson Check Logger Initialized
2025-10-30 23:01:38,793 - INFO - ================================================================================
2025-10-30 23:03:17,845 - INFO - === LESSON CREATION STARTED ===
2025-10-30 23:03:17,846 - INFO - Result keys: ['lesson', 'docx_bytes', 'filename']
2025-10-30 23:03:17,846 - INFO - Lesson content type: <class 'str'>
2025-10-30 23:03:17,846 - INFO - Lesson content length: 254
2025-10-30 23:03:17,847 - INFO - Lesson content preview: Hamza Nawaz is an ML Engineer with expertise in Machine Learning, Deep Learning, Generative AI, and Full-Stack AI Development. He has a strong background in NLP, OCR, and AI-powered automation, with e...
2025-10-30 23:03:17,847 - INFO - About to save lesson content (first 300 chars): Hamza Nawaz is an ML Engineer with expertise in Machine Learning, Deep Learning, Generative AI, and Full-Stack AI Development. He has a strong background in NLP, OCR, and AI-powered automation, with experience in cloud deployment and scalable AI systems.
2025-10-30 23:03:17,848 - INFO - Content type: <class 'str'>
2025-10-30 23:03:17,848 - INFO - Final content before save (first 300 chars): Hamza Nawaz is an ML Engineer with expertise in Machine Learning, Deep Learning, Generative AI, and Full-Stack AI Development. He has a strong background in NLP, OCR, and AI-powered automation, with experience in cloud deployment and scalable AI systems.
2025-10-30 23:03:17,849 - INFO - === LESSON CREATION ENDED ===
2025-10-30 23:07:51,420 - INFO - === LESSON CREATION STARTED ===
2025-10-30 23:07:51,420 - INFO - Result keys: ['lesson', 'docx_bytes', 'filename']
2025-10-30 23:07:51,421 - INFO - Lesson content type: <class 'str'>
2025-10-30 23:07:51,422 - INFO - Lesson content length: 1717
2025-10-30 23:07:51,423 - INFO - Lesson content preview: **Comprehensive Overview of Hamza Nawaz**

Hamza Nawaz is an AI Engineer with expertise in Machine Learning, Deep Learning, Generative AI, and Full-Stack AI Development. He has a strong background in ...
2025-10-30 23:07:51,423 - INFO - About to save lesson content (first 300 chars): **Comprehensive Overview of Hamza Nawaz**

Hamza Nawaz is an AI Engineer with expertise in Machine Learning, Deep Learning, Generative AI, and Full-Stack AI Development. He has a strong background in NLP, OCR, and AI-powered automation, with expertise in cloud deployment and scalable AI systems.

**
2025-10-30 23:07:51,425 - INFO - Content type: <class 'str'>
2025-10-30 23:07:51,426 - INFO - Final content before save (first 300 chars): **Comprehensive Overview of Hamza Nawaz**

Hamza Nawaz is an AI Engineer with expertise in Machine Learning, Deep Learning, Generative AI, and Full-Stack AI Development. He has a strong background in NLP, OCR, and AI-powered automation, with expertise in cloud deployment and scalable AI systems.

**
2025-10-30 23:07:51,428 - INFO - === LESSON CREATION ENDED ===
2025-10-30 23:15:30,563 - INFO - ================================================================================
2025-10-30 23:15:30,563 - INFO - Lesson Check Logger Initialized
2025-10-30 23:15:30,564 - INFO - ================================================================================
2025-10-30 23:17:55,201 - INFO - ================================================================================
2025-10-30 23:17:55,202 - INFO - Lesson Check Logger Initialized
2025-10-30 23:17:55,202 - INFO - ================================================================================
2025-10-30 23:18:27,191 - INFO - ================================================================================
2025-10-30 23:18:27,191 - INFO - Lesson Check Logger Initialized
2025-10-30 23:18:27,192 - INFO - ================================================================================
2025-10-30 23:29:15,565 - INFO - ================================================================================
2025-10-30 23:29:15,565 - INFO - Lesson Check Logger Initialized
2025-10-30 23:29:15,565 - INFO - ================================================================================
2025-10-30 23:32:16,729 - INFO - ================================================================================
2025-10-30 23:32:16,729 - INFO - Lesson Check Logger Initialized
2025-10-30 23:32:16,730 - INFO - ================================================================================
2025-10-30 23:34:44,760 - INFO - ================================================================================
2025-10-30 23:34:44,760 - INFO - Lesson Check Logger Initialized
2025-10-30 23:34:44,761 - INFO - ================================================================================
2025-10-30 23:42:21,191 - INFO - ================================================================================
2025-10-30 23:42:21,191 - INFO - Lesson Check Logger Initialized
2025-10-30 23:42:21,192 - INFO - ================================================================================
2025-10-30 23:45:06,584 - INFO - ================================================================================
2025-10-30 23:45:06,584 - INFO - Lesson Check Logger Initialized
2025-10-30 23:45:06,585 - INFO - ================================================================================
2025-10-30 23:46:40,933 - INFO - ================================================================================
2025-10-30 23:46:40,933 - INFO - Lesson Check Logger Initialized
2025-10-30 23:46:40,934 - INFO - ================================================================================
2025-10-30 23:50:42,417 - INFO - ================================================================================
2025-10-30 23:50:42,418 - INFO - Lesson Check Logger Initialized
2025-10-30 23:50:42,418 - INFO - ================================================================================
2025-10-31 00:08:01,293 - INFO - ================================================================================
2025-10-31 00:08:01,294 - INFO - Lesson Check Logger Initialized
2025-10-31 00:08:01,294 - INFO - ================================================================================
2025-10-31 00:12:09,062 - INFO - ================================================================================
2025-10-31 00:12:09,062 - INFO - Lesson Check Logger Initialized
2025-10-31 00:12:09,063 - INFO - ================================================================================
2025-10-31 00:13:59,469 - INFO - ================================================================================
2025-10-31 00:13:59,469 - INFO - Lesson Check Logger Initialized
2025-10-31 00:13:59,470 - INFO - ================================================================================
2025-10-31 00:23:07,591 - INFO - ================================================================================
2025-10-31 00:23:07,592 - INFO - Lesson Check Logger Initialized
2025-10-31 00:23:07,593 - INFO - ================================================================================
2025-10-31 00:41:23,822 - INFO - ================================================================================
2025-10-31 00:41:23,823 - INFO - Lesson Check Logger Initialized
2025-10-31 00:41:23,823 - INFO - ================================================================================
2025-10-31 00:49:30,281 - INFO - ================================================================================
2025-10-31 00:49:30,282 - INFO - Lesson Check Logger Initialized
2025-10-31 00:49:30,282 - INFO - ================================================================================
2025-10-31 00:58:33,356 - INFO - ================================================================================
2025-10-31 00:58:33,357 - INFO - Lesson Check Logger Initialized
2025-10-31 00:58:33,358 - INFO - ================================================================================
2025-10-31 01:04:15,884 - INFO - ================================================================================
2025-10-31 01:04:15,885 - INFO - Lesson Check Logger Initialized
2025-10-31 01:04:15,886 - INFO - ================================================================================
2025-10-31 01:20:58,798 - INFO - ================================================================================
2025-10-31 01:20:58,799 - INFO - Lesson Check Logger Initialized
2025-10-31 01:20:58,800 - INFO - ================================================================================
2025-10-31 01:37:14,093 - INFO - ================================================================================
2025-10-31 01:37:14,095 - INFO - Lesson Check Logger Initialized
2025-10-31 01:37:14,095 - INFO - ================================================================================
2025-10-31 01:42:01,910 - INFO - ================================================================================
2025-10-31 01:42:01,911 - INFO - Lesson Check Logger Initialized
2025-10-31 01:42:01,911 - INFO - ================================================================================
2025-10-31 01:48:44,566 - INFO - ================================================================================
2025-10-31 01:48:44,567 - INFO - Lesson Check Logger Initialized
2025-10-31 01:48:44,567 - INFO - ================================================================================
2025-10-31 01:56:11,421 - INFO - ================================================================================
2025-10-31 01:56:11,421 - INFO - Lesson Check Logger Initialized
2025-10-31 01:56:11,422 - INFO - ================================================================================
2025-10-31 02:06:53,011 - INFO - ================================================================================
2025-10-31 02:06:53,012 - INFO - Lesson Check Logger Initialized
2025-10-31 02:06:53,013 - INFO - ================================================================================
2025-10-31 02:14:26,040 - INFO - ================================================================================
2025-10-31 02:14:26,041 - INFO - Lesson Check Logger Initialized
2025-10-31 02:14:26,041 - INFO - ================================================================================
2025-11-01 00:43:35,943 - INFO - ================================================================================
2025-11-01 00:43:35,944 - INFO - Lesson Check Logger Initialized
2025-11-01 00:43:35,945 - INFO - ================================================================================
2025-11-01 02:18:51,827 - INFO - ================================================================================
2025-11-01 02:18:51,829 - INFO - Lesson Check Logger Initialized
2025-11-01 02:18:51,829 - INFO - ================================================================================
2025-11-01 02:30:24,144 - INFO - ================================================================================
2025-11-01 02:30:24,144 - INFO - Lesson Check Logger Initialized
2025-11-01 02:30:24,145 - INFO - ================================================================================
2025-11-01 02:37:54,583 - INFO - ================================================================================
2025-11-01 02:37:54,583 - INFO - Lesson Check Logger Initialized
2025-11-01 02:37:54,584 - INFO - ================================================================================
2025-11-01 02:40:33,956 - INFO - ================================================================================
2025-11-01 02:40:33,957 - INFO - Lesson Check Logger Initialized
2025-11-01 02:40:33,957 - INFO - ================================================================================
2025-11-01 02:42:03,912 - INFO - ================================================================================
2025-11-01 02:42:03,913 - INFO - Lesson Check Logger Initialized
2025-11-01 02:42:03,914 - INFO - ================================================================================
2025-11-01 02:46:17,329 - INFO - ================================================================================
2025-11-01 02:46:17,330 - INFO - Lesson Check Logger Initialized
2025-11-01 02:46:17,330 - INFO - ================================================================================
2025-11-01 02:52:53,583 - INFO - ================================================================================
2025-11-01 02:52:53,583 - INFO - Lesson Check Logger Initialized
2025-11-01 02:52:53,584 - INFO - ================================================================================
2025-11-01 03:05:30,600 - INFO - ================================================================================
2025-11-01 03:05:30,601 - INFO - Lesson Check Logger Initialized
2025-11-01 03:05:30,602 - INFO - ================================================================================
2025-11-02 22:39:39,671 - INFO - ================================================================================
2025-11-02 22:39:39,672 - INFO - Lesson Check Logger Initialized
2025-11-02 22:39:39,673 - INFO - ================================================================================
2025-11-02 22:42:04,613 - INFO - === LESSON CREATION STARTED ===
2025-11-02 22:42:04,614 - INFO - Result keys: ['lesson', 'docx_bytes', 'filename']
2025-11-02 22:42:04,615 - INFO - Lesson content type: <class 'str'>
2025-11-02 22:42:04,615 - INFO - Lesson content length: 2921
2025-11-02 22:42:04,615 - INFO - Lesson content preview: **Comprehensive Explanation of RAG and its Components**

The Retrieval-Augmented-Generation (RAG) framework is a powerful tool for building conversational AI models. It combines the strengths of retri...
2025-11-02 22:42:04,616 - INFO - About to save lesson content (first 300 chars): **Comprehensive Explanation of RAG and its Components**

The Retrieval-Augmented-Generation (RAG) framework is a powerful tool for building conversational AI models. It combines the strengths of retrieval-based and generation-based approaches to produce high-quality responses. The RAG framework cons
2025-11-02 22:42:04,616 - INFO - Content type: <class 'str'>
2025-11-02 22:42:04,616 - INFO - Final content before save (first 300 chars): **Comprehensive Explanation of RAG and its Components**

The Retrieval-Augmented-Generation (RAG) framework is a powerful tool for building conversational AI models. It combines the strengths of retrieval-based and generation-based approaches to produce high-quality responses. The RAG framework cons
2025-11-02 22:42:04,616 - INFO - === LESSON CREATION ENDED ===
2025-11-02 23:12:37,398 - INFO - ================================================================================
2025-11-02 23:12:37,400 - INFO - Lesson Check Logger Initialized
2025-11-02 23:12:37,400 - INFO - ================================================================================
2025-11-02 23:22:59,101 - INFO - ================================================================================
2025-11-02 23:22:59,102 - INFO - Lesson Check Logger Initialized
2025-11-02 23:22:59,103 - INFO - ================================================================================
2025-11-02 23:45:32,143 - INFO - ================================================================================
2025-11-02 23:45:32,144 - INFO - Lesson Check Logger Initialized
2025-11-02 23:45:32,144 - INFO - ================================================================================
2025-11-03 00:01:54,437 - INFO - ================================================================================
2025-11-03 00:01:54,439 - INFO - Lesson Check Logger Initialized
2025-11-03 00:01:54,440 - INFO - ================================================================================
2025-11-03 00:06:07,751 - INFO - ================================================================================
2025-11-03 00:06:07,752 - INFO - Lesson Check Logger Initialized
2025-11-03 00:06:07,752 - INFO - ================================================================================
